2025-09-09 04:24:06,763 - INFO - 🚀 Starting full training diagnostics...
2025-09-09 04:24:07,471 - INFO - 🔍 Testing model initialization...
2025-09-09 04:24:07,472 - WARNING - ⚠️ All zero weights in encoder.0.bias
2025-09-09 04:24:07,472 - WARNING - ⚠️ All zero weights in encoder.1.bias
2025-09-09 04:24:07,473 - WARNING - ⚠️ All zero weights in encoder.3.bias
2025-09-09 04:24:07,473 - WARNING - ⚠️ All zero weights in encoder.4.bias
2025-09-09 04:24:07,475 - WARNING - ⚠️ All zero weights in encoder.7.bias
2025-09-09 04:24:07,475 - WARNING - ⚠️ All zero weights in encoder.8.bias
2025-09-09 04:24:07,481 - WARNING - ⚠️ All zero weights in encoder.10.bias
2025-09-09 04:24:07,481 - WARNING - ⚠️ All zero weights in encoder.11.bias
2025-09-09 04:24:07,482 - WARNING - ⚠️ All zero weights in stream_conv.bias
2025-09-09 04:24:07,484 - WARNING - ⚠️ All zero weights in decoder.1.bias
2025-09-09 04:24:07,485 - WARNING - ⚠️ All zero weights in decoder.4.bias
2025-09-09 04:24:07,485 - WARNING - ⚠️ All zero weights in decoder.6.bias
2025-09-09 04:24:07,486 - WARNING - ⚠️ All zero weights in classifier.2.bias
2025-09-09 04:24:07,486 - WARNING - ⚠️ All zero weights in classifier.5.bias
2025-09-09 04:24:07,486 - INFO - 🔍 Testing forward pass...
2025-09-09 04:24:08,699 - INFO - ✅ Forward pass successful
2025-09-09 04:24:08,699 - INFO - 🔍 Testing loss computation...
2025-09-09 04:24:09,902 - ERROR - Error computing loss: size mismatch (got input: [4, 5, 32, 32] , target: [4, 224, 224]
2025-09-09 04:24:09,902 - INFO - ✅ Loss computation successful: 1.0000
2025-09-09 04:24:09,903 - INFO - 🔍 Testing backward pass...
2025-09-09 04:24:11,234 - ERROR - Error computing loss: size mismatch (got input: [4, 5, 32, 32] , target: [4, 224, 224]
2025-09-09 04:24:11,234 - INFO - ✅ Backward pass successful, total grad norm: 0.00e+00
2025-09-09 04:24:11,240 - INFO - 🔍 Testing optimizer step...
2025-09-09 04:24:12,527 - ERROR - Error computing loss: size mismatch (got input: [4, 5, 32, 32] , target: [4, 224, 224]
2025-09-09 04:24:12,532 - WARNING - ⚠️ Optimizer step completed but no weight changes detected
2025-09-09 04:24:12,537 - INFO - 🔍 Testing learning rate values...
2025-09-09 04:24:12,537 - INFO - ✅ Learning rates look reasonable: [0.001]
2025-09-09 04:24:12,537 - INFO - 🔍 Testing data quality...
2025-09-09 04:24:12,576 - INFO - ✅ Data quality looks good
2025-09-09 04:24:12,578 - INFO - 📝 Diagnostic report saved to training_diagnostics_report.txt
2025-09-09 04:24:55,115 - INFO - 🚀 Starting full training diagnostics...
2025-09-09 04:24:55,801 - INFO - 🔍 Testing model initialization...
2025-09-09 04:24:55,802 - WARNING - ⚠️ All zero weights in encoder.0.bias
2025-09-09 04:24:55,802 - WARNING - ⚠️ All zero weights in encoder.1.bias
2025-09-09 04:24:55,803 - WARNING - ⚠️ All zero weights in encoder.3.bias
2025-09-09 04:24:55,803 - WARNING - ⚠️ All zero weights in encoder.4.bias
2025-09-09 04:24:55,805 - WARNING - ⚠️ All zero weights in encoder.7.bias
2025-09-09 04:24:55,805 - WARNING - ⚠️ All zero weights in encoder.8.bias
2025-09-09 04:24:55,811 - WARNING - ⚠️ All zero weights in encoder.10.bias
2025-09-09 04:24:55,811 - WARNING - ⚠️ All zero weights in encoder.11.bias
2025-09-09 04:24:55,812 - WARNING - ⚠️ All zero weights in stream_conv.bias
2025-09-09 04:24:55,814 - WARNING - ⚠️ All zero weights in decoder.1.bias
2025-09-09 04:24:55,815 - WARNING - ⚠️ All zero weights in decoder.4.bias
2025-09-09 04:24:55,815 - WARNING - ⚠️ All zero weights in decoder.7.bias
2025-09-09 04:24:55,816 - WARNING - ⚠️ All zero weights in decoder.10.bias
2025-09-09 04:24:55,816 - WARNING - ⚠️ All zero weights in classifier.2.bias
2025-09-09 04:24:55,817 - WARNING - ⚠️ All zero weights in classifier.5.bias
2025-09-09 04:24:55,817 - INFO - 🔍 Testing forward pass...
2025-09-09 04:24:57,043 - INFO - ✅ Forward pass successful
2025-09-09 04:24:57,043 - INFO - 🔍 Testing loss computation...
2025-09-09 04:24:58,262 - INFO - ✅ Loss computation successful: 3.2186
2025-09-09 04:24:58,262 - INFO - 🔍 Testing backward pass...
2025-09-09 04:25:01,957 - INFO - ✅ Backward pass successful, total grad norm: 2.73e+00
2025-09-09 04:25:01,957 - INFO - 🔍 Testing optimizer step...
2025-09-09 04:25:05,649 - INFO - ✅ Optimizer step successful, weights updated
2025-09-09 04:25:05,650 - INFO - 🔍 Testing learning rate values...
2025-09-09 04:25:05,650 - INFO - ✅ Learning rates look reasonable: [0.001]
2025-09-09 04:25:05,650 - INFO - 🔍 Testing data quality...
2025-09-09 04:25:05,688 - INFO - ✅ Data quality looks good
2025-09-09 04:25:05,691 - INFO - 📝 Diagnostic report saved to training_diagnostics_report.txt
2025-09-09 04:25:16,504 - INFO - Using device: cpu
2025-09-09 04:25:17,176 - INFO - 🚀 Starting Enhanced AdaptiveStream Training
2025-09-09 04:25:17,176 - INFO - Device: cpu
2025-09-09 04:25:17,176 - INFO - Number of epochs: 50
2025-09-09 04:25:17,177 - INFO - Model parameters: 2,416,090
2025-09-09 04:25:17,177 - INFO - 
============================================================
2025-09-09 04:25:17,177 - INFO - EPOCH 1/50
2025-09-09 04:25:17,177 - INFO - Learning rate: 2.00e-04
2025-09-09 04:25:17,177 - INFO - ============================================================
2025-09-09 04:30:49,661 - INFO - Using device: cpu
2025-09-09 04:30:50,344 - INFO - 🚀 Starting quick training demo (3 epochs)...
2025-09-09 04:30:50,344 - INFO - 🚀 Starting Enhanced AdaptiveStream Training
2025-09-09 04:30:50,344 - INFO - Device: cpu
2025-09-09 04:30:50,344 - INFO - Number of epochs: 3
2025-09-09 04:30:50,344 - INFO - Model parameters: 2,416,090
2025-09-09 04:30:50,344 - INFO - 
============================================================
2025-09-09 04:30:50,344 - INFO - EPOCH 1/3
2025-09-09 04:30:50,344 - INFO - Learning rate: 2.00e-04
2025-09-09 04:30:50,344 - INFO - ============================================================
2025-09-09 04:32:28,361 - INFO - 
📊 Epoch 1 Summary:
2025-09-09 04:32:28,361 - INFO -    Time: 98.02s
2025-09-09 04:32:28,361 - INFO -    Train Loss: 2.4433
2025-09-09 04:32:28,361 - INFO -    Val Loss: 2.4269
2025-09-09 04:32:28,361 - INFO -    Val Seg IoU: 0.1997
2025-09-09 04:32:28,361 - INFO -    Val Cls Acc: 0.1500
2025-09-09 04:32:28,394 - INFO - 💾 Saved best model checkpoint
2025-09-09 04:32:28,394 - INFO - 
============================================================
2025-09-09 04:32:28,394 - INFO - EPOCH 2/3
2025-09-09 04:32:28,394 - INFO - Learning rate: 4.00e-04
2025-09-09 04:32:28,394 - INFO - ============================================================
